Arguments: 
  F:\Software\nodejs\node.exe F:\Software\yarn\bin\yarn.js add app1.css

PATH: 
  F:\Program Files (x86)\cmder\vendor\git-for-windows\mingw64\bin;F:\Program Files (x86)\cmder\vendor\git-for-windows\usr\bin;F:\Users\xjlad\bin;C:\Windows\system32;C:\Windows;C:\Windows\System32\Wbem;C:\Windows\System32\WindowsPowerShell\v1.0;C:\Windows\System32\OpenSSH;F:\Software\yarn\bin;F:\Software\hugo;F:\Software\nodejs;C:\Users\xjlad\AppData\Local\Microsoft\WindowsApps;C:\Users\xjlad\AppData\Local\Programs\Microsoft VS Code\bin;F:\Programs\Microsoft VS Code\bin;C:\Users\xjlad\AppData\Local\Yarn\bin;F:\Software\hugo;C:\Users\xjlad\AppData\Roaming\npm

Yarn version: 
  1.17.3

Node version: 
  8.16.0

Platform: 
  win32 x64

Trace: 
  Error: https://registry.npm.taobao.org/app1.css: Not found
      at Request.params.callback [as _callback] (F:\Software\yarn\lib\cli.js:65939:18)
      at Request.self.callback (F:\Software\yarn\lib\cli.js:140464:22)
      at emitTwo (events.js:126:13)
      at Request.emit (events.js:214:7)
      at Request.<anonymous> (F:\Software\yarn\lib\cli.js:141436:10)
      at emitOne (events.js:116:13)
      at Request.emit (events.js:211:7)
      at IncomingMessage.<anonymous> (F:\Software\yarn\lib\cli.js:141358:12)
      at Object.onceWrapper (events.js:313:30)
      at emitNone (events.js:111:20)

npm manifest: 
  {
    "name": "MVC-demo1",
    "version": "1.0.0",
    "main": "index.js",
    "license": "MIT",
    "dependencies": {
      "jquery": "^3.4.1"
    }
  }

yarn manifest: 
  No manifest

Lockfile: 
  # THIS IS AN AUTOGENERATED FILE. DO NOT EDIT THIS FILE DIRECTLY.
  # yarn lockfile v1
  
  
  jquery@^3.4.1:
    version "3.4.1"
    resolved "https://registry.npm.taobao.org/jquery/download/jquery-3.4.1.tgz#714f1f8d9dde4bdfa55764ba37ef214630d80ef2"
    integrity sha1-cU8fjZ3eS9+lV2S6N+8hRjDYDvI=
